[1716515277.213133]:Request
[1716515277.213246]:Request
[1716515277.213257]:Request
[1716515277.213266]:Request
[1716515277.213274]:Request
[1716515277.213282]:Request
[1716515277.214928]:Request
[1716515277.214959]:Request
[1716515277.215871]:Request
[1716515277.215901]:Request
[1716515277.215911]:Request
[1716515277.215919]:Request
[1716515277.215955]:Request
[1716515277.215966]:Request
[1716515277.216134]:Request
[1716515277.216158]:Request
[1716515277.414522]:Request
[1716515277.414672]:Request
[1716515277.414704]:Request
[1716515277.414727]:Request
[1716515277.414749]:Request
[1716515277.414772]:Request
[1716515277.415293]:Request
[1716515277.415328]:Request
[1716515277.418231]:Request
[1716515277.418305]:Request
[1716515277.418331]:Request
[1716515277.418354]:Request
[1716515277.418377]:Request
[1716515277.418399]:Request
[1716515277.418423]:Request
[1716515277.418446]:Request
[1716515277.616792]:Request
[1716515277.616889]:Request
[1716515277.616859]:Request
[1716515277.616798]:Request
[1716515277.616929]:Request
[1716515277.616943]:Request
[1716515277.616954]:Request
[1716515277.616964]:Request
[1716515277.619101]:Request
[1716515277.619204]:Request
[1716515277.619231]:Request
[1716515277.619254]:Request
[1716515277.619277]:Request
[1716515277.619299]:Request
[1716515277.619322]:Request
[1716515277.619344]:Request
[1716515277.817591]:Request
[1716515277.817761]:Request
[1716515277.817847]:Request
[1716515277.819652]:Request
[1716515277.819752]:Request
[1716515277.819779]:Request
[1716515277.819796]:Request
[1716515277.819859]:Request
[1716515277.819922]:Request
[1716515277.819818]:Request
[1716515277.819896]:Request
[1716515277.819910]:Request
[1716515277.820049]:Request
[1716515277.820073]:Request
[1716515277.820096]:Request
[1716515277.819803]:Request
[1716515278.018213]:Request
[1716515278.018544]:Request
[1716515278.018566]:Request
[1716515278.020463]:Request
[1716515278.020534]:Request
[1716515278.020620]:Request
[1716515278.020649]:Request
[1716515278.020673]:Request
[1716515278.020788]:Request
[1716515278.020857]:Request
[1716515278.020883]:Request
[1716515278.020907]:Request
[1716515278.020930]:Request
[1716515278.020953]:Request
[1716515278.020975]:Request
[1716515278.020998]:Request
[1716515278.219182]:Request
[1716515278.219446]:Request
[1716515278.221264]:Request
[1716515278.221352]:Request
[1716515278.221372]:Request
[1716515278.221390]:Request
[1716515278.221409]:Request
[1716515278.221689]:Request
[1716515278.221785]:Request
[1716515278.221797]:Request
[1716515278.221827]:Request
[1716515278.221868]:Request
[1716515278.221812]:Request
[1716515278.221908]:Request
[1716515278.221895]:Request
[1716515278.420049]:Request
[1716515278.420477]:Request
[1716515278.421942]:Request
[1716515278.422014]:Request
[1716515278.422225]:Request
[1716515278.422256]:Request
[1716515278.422283]:Request
[1716515278.422305]:Request
[1716515278.422323]:Request
[1716515278.422344]:Request
[1716515278.422050]:Request
[1716515278.422238]:Request
[1716515278.422272]:Request
[1716515278.422067]:Request
[1716515278.422418]:Request
[1716515278.621016]:Request
[1716515278.621362]:Request
[1716515278.622316]:Request
[1716515278.622401]:Request
[1716515278.622420]:Request
[1716515278.622587]:Request
[1716515278.622608]:Request
[1716515278.622620]:Request
[1716515278.622632]:Request
[1716515278.622644]:Request
[1716515278.622653]:Request
[1716515278.622667]:Request
[1716515278.622680]:Request
[1716515278.622787]:Request
[1716515278.622805]:Request
[1716515278.821990]:Request
[1716515278.822480]:Request
[1716515278.822722]:Request
[1716515278.822779]:Request
[1716515278.822805]:Request
[1716515278.822945]:Request
[1716515278.822980]:Request
[1716515278.823003]:Request
[1716515278.823026]:Request
[1716515278.823048]:Request
[1716515278.823187]:Request
[1716515278.823224]:Request
[1716515278.823248]:Request
[1716515278.823295]:Request
[1716515278.823303]:Request
[1716515279.022344]:Request
[1716515279.023026]:Request
[1716515279.023086]:Request
[1716515279.023115]:Request
[1716515279.023219]:Request
[1716515279.023308]:Request
[1716515279.023267]:Request
[1716515279.023287]:Request
[1716515279.023298]:Request
[1716515279.023387]:Request
[1716515279.023746]:Request
[1716515279.023717]:Request
[1716515279.023732]:Request
[1716515279.023697]:Request
[1716515279.023916]:Request
[1716515279.223493]:Request
[1716515279.223833]:Request
[1716515279.223898]:Request
[1716515279.223931]:Request
[1716515279.223956]:Request
[1716515279.223980]:Request
[1716515279.224114]:Request
[1716515279.224151]:Request
[1716515279.224267]:Request
[1716515279.224301]:Request
[1716515279.224324]:Request
[1716515279.224722]:Request
[1716515279.224805]:Request
[1716515279.224832]:Request
[1716515279.424581]:Request
[1716515279.424715]:Request
[1716515279.424747]:Request
[1716515279.424772]:Request
[1716515279.424901]:Request
[1716515279.424951]:Request
[1716515279.424976]:Request
[1716515279.424999]:Request
[1716515279.425023]:Request
[1716515279.425046]:Request
[1716515279.425069]:Request
[1716515279.426280]:Request
[1716515279.426385]:Request
[1716515279.426418]:Request
[1716515279.625442]:Request
[1716515279.625558]:Request
[1716515279.625594]:Request
[1716515279.625619]:Request
[1716515279.626043]:Request
[1716515279.626102]:Request
[1716515279.626129]:Request
[1716515279.626152]:Request
[1716515279.626175]:Request
[1716515279.626246]:Request
[1716515279.626270]:Request
[1716515279.627017]:Request
[1716515279.627093]:Request
[1716515279.627121]:Request
[1716515279.826590]:Request
[1716515279.826766]:Request
[1716515279.826784]:Request
[1716515279.826893]:Request
[1716515279.826917]:Request
[1716515279.826940]:Request
[1716515279.826964]:Request
[1716515279.826986]:Request
[1716515279.827009]:Request
[1716515279.827033]:Request
[1716515279.827165]:Request
[1716515279.828315]:Request
[1716515279.828421]:Request
[1716515279.828449]:Request
[1716515280.027451]:Request
[1716515280.027489]:Request
[1716515280.027497]:Request
[1716515280.027503]:Request
[1716515280.027510]:Request
[1716515280.027516]:Request
[1716515280.027522]:Request
[1716515280.027528]:Request
[1716515280.027534]:Request
[1716515280.027593]:Request
[1716515280.029976]:Request
[1716515280.029985]:Request
[1716515280.029995]:Request
[1716515280.228132]:Request
[1716515280.228169]:Request
[1716515280.228180]:Request
[1716515280.228187]:Request
[1716515280.228194]:Request
[1716515280.228201]:Request
[1716515280.228207]:Request
[1716515280.228214]:Request
[1716515280.228221]:Request
[1716515280.228229]:Request
[1716515280.230396]:Request
[1716515280.230441]:Request
[1716515280.231404]:Request
[1716515280.429039]:Request
[1716515280.429154]:Request
[1716515280.429186]:Request
[1716515280.429210]:Request
[1716515280.429232]:Request
[1716515280.429255]:Request
[1716515280.429278]:Request
[1716515280.429301]:Request
[1716515280.429324]:Request
[1716515280.429349]:Request
[1716515280.430760]:Request
[1716515280.430870]:Request
[1716515280.434838]:Request
[1716515280.629982]:Request
[1716515280.630138]:Request
[1716515280.630223]:Request
[1716515280.630251]:Request
[1716515280.630127]:Request
[1716515280.630088]:Request
[1716515280.630187]:Request
[1716515280.630202]:Request
[1716515280.630212]:Request
[1716515280.630116]:Request
[1716515280.631320]:Request
[1716515280.631364]:Request
[1716515280.638100]:Request
[1716515280.830524]:Request
[1716515280.830807]:Request
[1716515280.830881]:Request
[1716515280.830964]:Request
[1716515280.830861]:Request
[1716515280.830872]:Request
[1716515280.831394]:Request
[1716515280.830923]:Request
[1716515280.830832]:Request
[1716515280.830850]:Request
[1716515280.832263]:Request
[1716515280.832310]:Request
[1716515280.839008]:Request
[1716515281.035434]:Request
[1716515281.035500]:Request
[1716515281.035528]:Request
[1716515281.035541]:Request
[1716515281.035552]:Request
[1716515281.035562]:Request
[1716515281.035572]:Request
[1716515281.035583]:Request
[1716515281.035619]:Request
[1716515281.035640]:Request
[1716515281.035659]:Request
[1716515281.041602]:Request
[1716515281.236705]:Request
[1716515281.236847]:Request
[1716515281.236878]:Request
[1716515281.236907]:Request
[1716515281.236940]:Request
[1716515281.237034]:Request
[1716515281.237076]:Request
[1716515281.237103]:Request
[1716515281.237126]:Request
[1716515281.237154]:Request
[1716515281.237163]:Request
[1716515281.242311]:Request
[1716515281.437467]:Request
[1716515281.437612]:Request
[1716515281.437647]:Request
[1716515281.437671]:Request
[1716515281.437695]:Request
[1716515281.437721]:Request
[1716515281.437946]:Request
[1716515281.437892]:Request
[1716515281.437913]:Request
[1716515281.438032]:Request
[1716515281.437849]:Request
[1716515281.443316]:Request
[1716515281.638243]:Request
[1716515281.638374]:Request
[1716515281.638404]:Request
[1716515281.638428]:Request
[1716515281.638450]:Request
[1716515281.638473]:Request
[1716515281.638611]:Request
[1716515281.638641]:Request
[1716515281.638717]:Request
[1716515281.638697]:Request
[1716515281.638672]:Request
[1716515281.644148]:Request
[1716515281.838963]:Request
[1716515281.839091]:Request
[1716515281.839120]:Request
[1716515281.839144]:Request
[1716515281.839167]:Request
[1716515281.839190]:Request
[1716515281.839388]:Request
[1716515281.839417]:Request
[1716515281.839427]:Request
[1716515281.839442]:Request
[1716515281.845360]:Request
[1716515282.040587]:Request
[1716515282.040911]:Request
[1716515282.041016]:Request
[1716515282.041046]:Request
[1716515282.041070]:Request
[1716515282.041093]:Request
[1716515282.041117]:Request
[1716515282.041139]:Request
[1716515282.041161]:Request
[1716515282.041183]:Request
[1716515282.045846]:Request
[1716515282.241732]:Request
[1716515282.241772]:Request
[1716515282.241779]:Request
[1716515282.241785]:Request
[1716515282.241791]:Request
[1716515282.241972]:Request
[1716515282.241996]:Request
[1716515282.242003]:Request
[1716515282.242009]:Request
[1716515282.242010]:Request
[1716515282.246435]:Request
[1716515282.442371]:Request
[1716515282.442500]:Request
[1716515282.442531]:Request
[1716515282.442554]:Request
[1716515282.443269]:Request
[1716515282.443350]:Request
[1716515282.443378]:Request
[1716515282.443401]:Request
[1716515282.443423]:Request
[1716515282.443447]:Request
[1716515282.450504]:Request
[1716515282.643137]:Request
[1716515282.643290]:Request
[1716515282.643323]:Request
[1716515282.643347]:Request
[1716515282.644357]:Request
[1716515282.644435]:Request
[1716515282.644462]:Request
[1716515282.644485]:Request
[1716515282.644508]:Request
[1716515282.644531]:Request
[1716515282.651865]:Request
[1716515282.844051]:Request
[1716515282.844183]:Request
[1716515282.844214]:Request
[1716515282.846351]:Request
[1716515282.846460]:Request
[1716515282.846491]:Request
[1716515282.846515]:Request
[1716515282.846538]:Request
[1716515282.846561]:Request
[1716515282.854046]:Request
[1716515283.044578]:Request
[1716515283.044696]:Request
[1716515283.044729]:Request
[1716515283.049785]:Request
[1716515283.049835]:Request
[1716515283.049854]:Request
[1716515283.049867]:Request
[1716515283.049880]:Request
[1716515283.049893]:Request
[1716515283.056658]:Request
[1716515283.245285]:Request
[1716515283.245424]:Request
[1716515283.245457]:Request
[1716515283.250395]:Request
[1716515283.250512]:Request
[1716515283.250548]:Request
[1716515283.250572]:Request
[1716515283.250595]:Request
[1716515283.250619]:Request
[1716515283.258298]:Request
[1716515283.446110]:Request
[1716515283.446236]:Request
[1716515283.446243]:Request
[1716515283.451808]:Request
[1716515283.451935]:Request
[1716515283.451966]:Request
[1716515283.451990]:Request
[1716515283.452014]:Request
[1716515283.452079]:Request
[1716515283.462275]:Request
[1716515283.646624]:Request
[1716515283.647191]:Request
[1716515283.652890]:Request
[1716515283.652997]:Request
[1716515283.653024]:Request
[1716515283.653049]:Request
[1716515283.653063]:Request
[1716515283.653071]:Request
[1716515283.666215]:Request
[1716515283.847064]:Request
[1716515283.849665]:Request
[1716515283.853843]:Request
[1716515283.853957]:Request
[1716515283.853986]:Request
[1716515283.854010]:Request
[1716515283.854033]:Request
[1716515283.854056]:Request
[1716515283.866868]:Request
[1716515284.047781]:Request
[1716515284.050569]:Request
[1716515284.054959]:Request
[1716515284.055064]:Request
[1716515284.055092]:Request
[1716515284.055116]:Request
[1716515284.055139]:Request
[1716515284.055162]:Request
[1716515284.070196]:Request
[1716515284.248616]:Request
[1716515284.254336]:Request
[1716515284.255884]:Request
[1716515284.255983]:Request
[1716515284.256008]:Request
[1716515284.256032]:Request
[1716515284.256055]:Request
[1716515284.256077]:Request
[1716515284.274339]:Request
[1716515284.449280]:Request
[1716515284.455092]:Request
[1716515284.458169]:Request
[1716515284.458269]:Request
[1716515284.458295]:Request
[1716515284.461757]:Request
[1716515284.461862]:Request
[1716515284.461888]:Request
[1716515284.475194]:Request
[1716515284.658039]:Request
[1716515284.661705]:Request
[1716515284.661841]:Request
[1716515284.661871]:Request
[1716515284.664543]:Request
[1716515284.664694]:Request
[1716515284.664736]:Request
[1716515284.678067]:Request
[1716515284.859208]:Request
[1716515284.862563]:Request
[1716515284.862691]:Request
[1716515284.862720]:Request
[1716515284.866232]:Request
[1716515284.866326]:Request
[1716515284.866364]:Request
[1716515284.881971]:Request
[1716515285.060369]:Request
[1716515285.063597]:Request
[1716515285.063730]:Request
[1716515285.063760]:Request
[1716515285.066643]:Request
[1716515285.066860]:Request
[1716515285.066782]:Request
[1716515285.083470]:Request
[1716515285.261958]:Request
[1716515285.264418]:Request
[1716515285.264543]:Request
[1716515285.264576]:Request
[1716515285.267472]:Request
[1716515285.267574]:Request
[1716515285.267615]:Request
[1716515285.286432]:Request
[1716515285.465257]:Request
[1716515285.465400]:Request
[1716515285.465432]:Request
[1716515285.468277]:Request
[1716515285.468396]:Request
[1716515285.468668]:Request
[1716515285.487146]:Request
[1716515285.665896]:Request
[1716515285.666084]:Request
[1716515285.666117]:Request
[1716515285.668988]:Request
[1716515285.669138]:Request
[1716515285.669478]:Request
[1716515285.687960]:Request
[1716515285.867020]:Request
[1716515285.867141]:Request
[1716515285.867179]:Request
[1716515285.869747]:Request
[1716515285.869843]:Request
[1716515285.869976]:Request
[1716515285.890697]:Request
[1716515286.068222]:Request
[1716515286.068365]:Request
[1716515286.068398]:Request
[1716515286.070155]:Request
[1716515286.070652]:Request
[1716515286.070723]:Request
[1716515286.094059]:Request
[1716515286.269487]:Request
[1716515286.269604]:Request
[1716515286.269560]:Request
[1716515286.270717]:Request
[1716515286.271439]:Request
[1716515286.271514]:Request
[1716515286.297998]:Request
[1716515286.470096]:Request
[1716515286.470228]:Request
[1716515286.471608]:Request
[1716515286.472182]:Request
[1716515286.472257]:Request
[1716515286.499153]:Request
[1716515286.670581]:Request
[1716515286.670710]:Request
[1716515286.672633]:Request
[1716515286.672785]:Request
[1716515286.672923]:Request
[1716515286.700436]:Request
[1716515286.871397]:Request
[1716515286.871536]:Request
[1716515286.874202]:Request
[1716515286.874443]:Request
[1716515286.874460]:Request
[1716515286.902313]:Request
[1716515287.072148]:Request
[1716515287.072214]:Request
[1716515287.074915]:Request
[1716515287.075091]:Request
[1716515287.075120]:Request
[1716515287.106104]:Request
[1716515287.272842]:Request
[1716515287.275574]:Request
[1716515287.275911]:Request
[1716515287.275981]:Request
[1716515287.309872]:Request
[1716515287.473495]:Request
[1716515287.476399]:Request
[1716515287.476724]:Request
[1716515287.476796]:Request
[1716515287.510841]:Request
[1716515287.674169]:Request
[1716515287.677339]:Request
[1716515287.677767]:Request
[1716515287.677850]:Request
[1716515287.712441]:Request
[1716515287.874660]:Request
[1716515287.878019]:Request
[1716515287.878648]:Request
[1716515287.878730]:Request
[1716515287.913989]:Request
[1716515288.075436]:Request
[1716515288.079408]:Request
[1716515288.079417]:Request
[1716515288.079468]:Request
[1716515288.276268]:Request
[1716515288.280580]:Request
[1716515288.280636]:Request
[1716515288.280667]:Request
[1716515288.477069]:Request
[1716515288.481088]:Request
[1716515288.481446]:Request
[1716515288.481573]:Request
[1716515288.677934]:Request
[1716515288.681946]:Request
[1716515288.681998]:Request
[1716515288.682029]:Request
[1716515288.880931]:Request
[1716515288.882376]:Request
[1716515288.882534]:Request
[1716515288.882614]:Request
[1716515289.082910]:Request
[1716515289.083194]:Request
[1716515289.083213]:Request
[1716515289.283491]:Request
[1716515289.284020]:Request
[1716515289.284098]:Request
[1716515289.484183]:Request
[1716515289.485227]:Request
[1716515289.485313]:Request
[1716515289.684901]:Request
[1716515289.686101]:Request
[1716515289.686264]:Request
[1716515289.885841]:Request
[1716515289.886494]:Request
[1716515289.886826]:Request
[1716515290.087017]:Request
[1716515290.088404]:Request
[1716515290.287825]:Request
[1716515290.290168]:Request
[1716515290.488344]:Request
[1716515290.490949]:Request
[1716515290.689104]:Request
[1716515290.693882]:Request
[1716515290.895067]:Request
[1716515291.096440]:Request
[1716515291.298120]:Request
[1716515291.499145]:Request
[1716515291.614926]:Request
[1716515291.615366]:Request
[1716515291.615437]:Request
[1716515291.615588]:Request
[1716515291.615660]:Request
[1716515291.615997]:Request
[1716515291.616077]:Request
[1716515291.616112]:Request
[1716515291.616224]:Request
[1716515291.616282]:Request
[1716515291.616324]:Request
[1716515291.616253]:Request
[1716515291.616092]:Request
[1716515291.616428]:Request
[1716515291.616447]:Request
[1716515291.616198]:Request
[1716515291.616381]:Request
[1716515291.616603]:Request
[1716515291.616590]:Request
[1716515291.616265]:Request
[1716515291.616624]:Request
[1716515291.616694]:Request
[1716515291.616637]:Request
[1716515291.616996]:Request
[1716515291.617064]:Request
[1716515291.700266]:Request
[1716515291.815868]:Request
[1716515291.815998]:Request
[1716515291.816298]:Request
[1716515291.816377]:Request
[1716515291.816747]:Request
[1716515291.816793]:Request
[1716515291.816818]:Request
[1716515291.816840]:Request
[1716515291.816931]:Request
[1716515291.816984]:Request
[1716515291.817028]:Request
[1716515291.817049]:Request
[1716515291.817086]:Request
[1716515291.816964]:Request
[1716515291.817125]:Request
[1716515291.816974]:Request
[1716515291.817074]:Request
[1716515291.817207]:Request
[1716515291.816947]:Request
[1716515291.817114]:Request
[1716515291.817237]:Request
[1716515291.817248]:Request
[1716515291.817472]:Request
[1716515291.817501]:Request
[1716515291.902060]:Request
[1716515292.016741]:Request
[1716515292.016851]:Request
[1716515292.016910]:Request
[1716515292.016957]:Request
[1716515292.017063]:Request
[1716515292.017097]:Request
[1716515292.017068]:Request
[1716515292.017196]:Request
[1716515292.017205]:Request
[1716515292.017367]:Request
[1716515292.017400]:Request
[1716515292.017423]:Request
[1716515292.017557]:Request
[1716515292.017591]:Request
[1716515292.017614]:Request
[1716515292.017637]:Request
[1716515292.017722]:Request
[1716515292.017832]:Request
[1716515292.017865]:Request
[1716515292.017919]:Request
[1716515292.017932]:Request
[1716515292.017958]:Request
[1716515292.017945]:Request
[1716515292.017872]:Request
[1716515292.103781]:Request
[1716515292.217579]:Request
[1716515292.217918]:Request
[1716515292.218062]:Request
[1716515292.218094]:Request
[1716515292.218096]:Request
[1716515292.218156]:Request
[1716515292.218225]:Request
[1716515292.218244]:Request
[1716515292.218291]:Request
[1716515292.218310]:Request
[1716515292.218461]:Request
[1716515292.218488]:Request
[1716515292.218510]:Request
[1716515292.218533]:Request
[1716515292.218122]:Request
[1716515292.218136]:Request
[1716515292.218146]:Request
[1716515292.218693]:Request
[1716515292.218721]:Request
[1716515292.218771]:Request
[1716515292.218811]:Request
[1716515292.218818]:Request
[1716515292.218347]:Request
[1716515292.218369]:Request
[1716515292.304962]:Request
[1716515292.418301]:Request
[1716515292.418423]:Request
[1716515292.418553]:Request
[1716515292.418588]:Request
[1716515292.418611]:Request
[1716515292.418635]:Request
[1716515292.418750]:Request
[1716515292.418796]:Request
[1716515292.418806]:Request
[1716515292.418822]:Request
[1716515292.418860]:Request
[1716515292.418882]:Request
[1716515292.418900]:Request
[1716515292.418750]:Request
[1716515292.419281]:Request
[1716515292.419349]:Request
[1716515292.419357]:Request
[1716515292.419439]:Request
[1716515292.419450]:Request
[1716515292.419467]:Request
[1716515292.419393]:Request
[1716515292.419631]:Request
[1716515292.419656]:Request
[1716515292.419679]:Request
[1716515292.506333]:Request
[1716515292.517148]:Request
[1716515292.618920]:Request
[1716515292.619180]:Request
[1716515292.619219]:Request
[1716515292.619243]:Request
[1716515292.619266]:Request
[1716515292.619288]:Request
[1716515292.619310]:Request
[1716515292.619333]:Request
[1716515292.619448]:Request
[1716515292.619479]:Request
[1716515292.619708]:Request
[1716515292.619785]:Request
[1716515292.619812]:Request
[1716515292.619952]:Request
[1716515292.619986]:Request
[1716515292.620067]:Request
[1716515292.620092]:Request
[1716515292.620111]:Request
[1716515292.620014]:Request
[1716515292.620027]:Request
[1716515292.620094]:Request
[1716515292.619967]:Request
[1716515292.620136]:Request
[1716515292.709874]:Request
[1716515292.717896]:Request
[1716515292.819604]:Request
[1716515292.819731]:Request
[1716515292.819759]:Request
[1716515292.819784]:Request
[1716515292.819806]:Request
[1716515292.819830]:Request
[1716515292.819995]:Request
[1716515292.820030]:Request
[1716515292.820053]:Request
[1716515292.820076]:Request
[1716515292.820181]:Request
[1716515292.820426]:Request
[1716515292.820465]:Request
[1716515292.820488]:Request
[1716515292.821232]:Request
[1716515292.821323]:Request
[1716515292.821353]:Request
[1716515292.821377]:Request
[1716515292.821400]:Request
[1716515292.821421]:Request
[1716515292.821443]:Request
[1716515292.821466]:Request
[1716515292.821506]:Request
[1716515292.911479]:Request
[1716515292.918344]:Request
[1716515293.020371]:Request
[1716515293.020496]:Request
[1716515293.020514]:Request
[1716515293.020526]:Request
[1716515293.020683]:Request
[1716515293.020728]:Request
[1716515293.020763]:Request
[1716515293.020786]:Request
[1716515293.020809]:Request
[1716515293.020831]:Request
[1716515293.020982]:Request
[1716515293.021019]:Request
[1716515293.021041]:Request
[1716515293.021064]:Request
[1716515293.021857]:Request
[1716515293.022164]:Request
[1716515293.022232]:Request
[1716515293.022258]:Request
[1716515293.022281]:Request
[1716515293.022303]:Request
[1716515293.022325]:Request
[1716515293.022347]:Request
[1716515293.022369]:Request
[1716515293.112848]:Request
[1716515293.118856]:Request
[1716515293.221035]:Request
[1716515293.221098]:Request
[1716515293.221106]:Request
[1716515293.221137]:Request
[1716515293.221145]:Request
[1716515293.221153]:Request
[1716515293.221161]:Request
[1716515293.221227]:Request
[1716515293.221239]:Request
[1716515293.221247]:Request
[1716515293.221255]:Request
[1716515293.221263]:Request
[1716515293.221271]:Request
[1716515293.221279]:Request
[1716515293.222221]:Request
[1716515293.223126]:Request
[1716515293.223184]:Request
[1716515293.223195]:Request
[1716515293.223204]:Request
[1716515293.223212]:Request
[1716515293.223221]:Request
[1716515293.223233]:Request
[1716515293.223239]:Request
[1716515293.313381]:Request
[1716515293.319511]:Request
